<?xml version="1.0" encoding="UTF-8"?>
<!-- Generated by org.testng.reporters.JUnitReportReporter -->
<testsuite hostname="IT-DEV-22" failures="0" tests="1" name="PS1" time="0.004" errors="0" timestamp="2024-02-22T23:52:51 AST" skipped="0">
  <testcase classname="PS1" name="testRun" time="0.004"/>
  <system-out/>
</testsuite> <!-- PS1 -->
