<?xml version="1.0" encoding="UTF-8"?>
<!-- Generated by org.testng.reporters.JUnitReportReporter -->
<testsuite hostname="IT-DEV-22" failures="0" tests="1" name="ShadiTestProject.SeleniumWorkFrameDesign.tests.SubmitOrderTest" time="13.883" errors="0" timestamp="2024-02-28T16:35:52 AST" skipped="0">
  <testcase classname="ShadiTestProject.SeleniumWorkFrameDesign.tests.SubmitOrderTest" name="submitOrder" time="13.883"/>
</testsuite> <!-- ShadiTestProject.SeleniumWorkFrameDesign.tests.SubmitOrderTest -->
