<?xml version="1.0" encoding="UTF-8"?>
<!-- Generated by org.testng.reporters.JUnitReportReporter -->
<testsuite hostname="IT-DEV-22" failures="0" tests="1" name="test.Day1" time="0.002" errors="0" timestamp="2024-02-22T08:06:53 AST" skipped="0">
  <testcase classname="test.Day1" name="Demo" time="0.002"/>
  <system-out/>
</testsuite> <!-- test.Day1 -->
