<?xml version="1.0" encoding="UTF-8"?>
<!-- Generated by org.testng.reporters.JUnitReportReporter -->
<testsuite hostname="IT-DEV-22" failures="0" tests="4" name="test.Day3" time="0.004" errors="0" timestamp="2024-02-22T08:06:53 AST" skipped="1">
  <testcase classname="test.Day3" name="MobileSignOutcarLoan" time="0.001"/>
  <system-out/>
  <testcase classname="test.Day3" name="MobileLogincarLoan" time="0.002"/>
  <system-out/>
  <testcase classname="test.Day3" name="WebLoginCarLoan" time="0.001"/>
  <system-out/>
  <testcase classname="test.Day3" name="MobileSignIncarLoan">
    <skipped/>
  </testcase> <!-- MobileSignIncarLoan -->
  <system-out/>
</testsuite> <!-- test.Day3 -->
