<?xml version="1.0" encoding="UTF-8"?>
<!-- Generated by org.testng.reporters.JUnitReportReporter -->
<testsuite hostname="IT-DEV-22" failures="0" tests="1" name="test.Day2" time="0.001" errors="0" timestamp="2024-02-22T08:06:53 AST" skipped="0">
  <testcase classname="test.Day2" name="ploan" time="0.001"/>
  <system-out/>
</testsuite> <!-- test.Day2 -->
