<?xml version="1.0" encoding="UTF-8"?>
<!-- Generated by org.testng.reporters.JUnitReportReporter -->
<testsuite hostname="IT-DEV-22" failures="0" tests="1" name="test.day2" time="0.000" errors="0" timestamp="2024-02-22T08:07:51 AST" skipped="0">
  <testcase classname="test.day2" name="ploan" time="0.000"/>
  <system-out/>
</testsuite> <!-- test.day2 -->
