<?xml version="1.0" encoding="UTF-8"?>
<!-- Generated by org.testng.reporters.JUnitReportReporter -->
<testsuite hostname="IT-DEV-22" failures="0" tests="6" name="test.day3" time="0.008" errors="0" timestamp="2024-02-22T08:07:51 AST" skipped="1">
  <testcase classname="test.day3" name="MobileLogincarLoan" time="0.002"/>
  <system-out/>
  <testcase classname="test.day3" name="MobilesignoutcarLoan" time="0.001"/>
  <system-out/>
  <testcase classname="test.day3" name="MobilesignoutcarLoan" time="0.003"/>
  <system-out/>
  <testcase classname="test.day3" name="MobilesignoutcarLoan" time="0.001"/>
  <system-out/>
  <testcase classname="test.day3" name="WebloginCarLoan" time="0.001"/>
  <system-out/>
  <testcase classname="test.day3" name="MobilesignimcarLoan">
    <skipped/>
  </testcase> <!-- MobilesignimcarLoan -->
  <system-out/>
</testsuite> <!-- test.day3 -->
