<?xml version="1.0" encoding="UTF-8"?>
<!-- Generated by org.testng.reporters.JUnitReportReporter -->
<testsuite hostname="IT-DEV-22" failures="0" tests="3" name="test.day4" time="0.004" errors="0" timestamp="2024-02-22T08:07:51 AST" skipped="0">
  <testcase classname="test.day4" name="MobileLoginHomeLoan" time="0.000"/>
  <system-out/>
  <testcase classname="test.day4" name="LoginAPIHomeLoan" time="0.000"/>
  <system-out/>
  <testcase classname="test.day4" name="WebloginHomeLoan" time="0.004"/>
  <system-out/>
</testsuite> <!-- test.day4 -->
