<?xml version="1.0" encoding="UTF-8"?>
<!-- Generated by org.testng.reporters.JUnitReportReporter -->
<testsuite hostname="IT-DEV-22" failures="0" tests="4" name="bankAlEtihadECC.tests.OutwardChequesTest" time="276.140" errors="0" timestamp="2024-07-24T13:02:45 AST" skipped="0">
  <testcase classname="bankAlEtihadECC.tests.OutwardChequesTest" name="outwardChequesTest" time="64.871"/>
  <system-out/>
  <testcase classname="bankAlEtihadECC.tests.OutwardChequesTest" name="outwardChequesTest" time="77.090"/>
  <system-out/>
  <testcase classname="bankAlEtihadECC.tests.OutwardChequesTest" name="outwardChequesTest" time="67.323"/>
  <system-out/>
  <testcase classname="bankAlEtihadECC.tests.OutwardChequesTest" name="outwardChequesTest" time="66.856"/>
  <system-out/>
</testsuite> <!-- bankAlEtihadECC.tests.OutwardChequesTest -->
