<?xml version="1.0" encoding="UTF-8"?>
<!-- Generated by org.testng.reporters.JUnitReportReporter -->
<testsuite hostname="IT-QA-EMP-02" failures="0" tests="1" name="bankAlEtihadECC.data.Test22" time="1.628" errors="0" timestamp="2024-05-14T09:56:22 EET" skipped="0">
  <testcase classname="bankAlEtihadECC.data.Test22" name="getOutwordData" time="1.628"/>
</testsuite> <!-- bankAlEtihadECC.data.Test22 -->
