<?xml version="1.0" encoding="UTF-8"?>
<!-- Generated by org.testng.reporters.JUnitReportReporter -->
<testsuite hostname="IT-QA-EMP-02" failures="0" tests="1" name="bankAlEtihadECC.data.test2" time="0.828" errors="0" timestamp="2024-05-14T08:32:03 EET" skipped="0">
  <testcase classname="bankAlEtihadECC.data.test2" name="test" time="0.828"/>
</testsuite> <!-- bankAlEtihadECC.data.test2 -->
